<?xml version="1.0" encoding="UTF-8"?>
<!-- Generated by org.testng.reporters.JUnitReportReporter -->
<testsuite hostname="NDI-LAP-272" failures="0" tests="1" name="com.saucedemo.testCases.TC_LoginTest_01" time="0.728" errors="0" timestamp="14 Jun 2022 13:39:38 GMT" skipped="0">
  <testcase classname="com.saucedemo.testCases.TC_LoginTest_01" name="loginTest" time="0.728"/>
</testsuite> <!-- com.saucedemo.testCases.TC_LoginTest_01 -->
